<?xml version="1.0" encoding="UTF-8"?>
<!-- Generated by org.testng.reporters.JUnitReportReporter -->
<testsuite hostname="DS-7071BC8FD8F3" name="com.mcdebos.ecash.othercashfunctions.groupsales.TestGroupSalesLandingPage" tests="3" failures="0" timestamp="5 May 2016 10:56:03 GMT" time="158.065" errors="0">
  <testcase name="identificationOfGroupSalesInCashSystem" time="41.627" classname="com.mcdebos.ecash.othercashfunctions.groupsales.TestGroupSalesLandingPage"/>
  <testcase name="pathwayToGroupSales" time="49.801" classname="com.mcdebos.ecash.othercashfunctions.groupsales.TestGroupSalesLandingPage"/>
  <testcase name="navigateIntoSubFunctionsOfGroupSales" time="66.637" classname="com.mcdebos.ecash.othercashfunctions.groupsales.TestGroupSalesLandingPage"/>
</testsuite> <!-- com.mcdebos.ecash.othercashfunctions.groupsales.TestGroupSalesLandingPage -->
