<?xml version="1.0" encoding="UTF-8"?>
<!-- Generated by org.testng.reporters.JUnitReportReporter -->
<testsuite hostname="DS-7071BC8FD8F3" name="com.mcdebos.ecash.othercashfunctions.groupsales.TestTaxExemptSales" tests="1" failures="0" timestamp="8 Apr 2016 06:58:17 GMT" time="87.876" errors="0">
  <testcase name="sortTaxExemptSalesDetailsByFieldDisplayedOnTaxExemptSalesPage" time="87.876" classname="com.mcdebos.ecash.othercashfunctions.groupsales.TestTaxExemptSales"/>
</testsuite> <!-- com.mcdebos.ecash.othercashfunctions.groupsales.TestTaxExemptSales -->
